# JRE version: OpenJDK Runtime Environment (8.0_152-b02) (build 1.8.0_152-release-1024-b02)
# Java VM: OpenJDK 64-Bit Server VM (25.152-b02 mixed mode windows-amd64 compressed oops)
Heap:
 PSYoungGen      total 460800K, used 306144K [0x00000000e0000000, 0x00000000ffc00000, 0x0000000100000000)
  eden space 402432K, 76% used [0x00000000e0000000,0x00000000f2af8100,0x00000000f8900000)
  from space 58368K, 0% used [0x00000000f8900000,0x00000000f8900000,0x00000000fc200000)
  to   space 55808K, 0% used [0x00000000fc580000,0x00000000fc580000,0x00000000ffc00000)
 ParOldGen       total 257536K, used 79814K [0x00000000a0000000, 0x00000000afb80000, 0x00000000e0000000)
  object space 257536K, 30% used [0x00000000a0000000,0x00000000a4df1a18,0x00000000afb80000)
 Metaspace       used 152702K, capacity 161992K, committed 167424K, reserved 1193984K
  class space    used 19252K, capacity 21190K, committed 22312K, reserved 1048576K
GC Heap History (10 events):
Event: 1921.939 GC heap before
{Heap before GC invocations=38 (full 4):
 PSYoungGen      total 436224K, used 395067K [0x00000000e0000000, 0x00000000ffc80000, 0x0000000100000000)
  eden space 371200K, 99% used [0x00000000e0000000,0x00000000f69b0d60,0x00000000f6a80000)
  from space 65024K, 37% used [0x00000000f6a80000,0x00000000f829e250,0x00000000faa00000)
  to   space 61440K, 0% used [0x00000000fc080000,0x00000000fc080000,0x00000000ffc80000)
 ParOldGen       total 217088K, used 129346K [0x00000000a0000000, 0x00000000ad400000, 0x00000000e0000000)
  object space 217088K, 59% used [0x00000000a0000000,0x00000000a7e50a50,0x00000000ad400000)
 Metaspace       used 135914K, capacity 146513K, committed 146648K, reserved 1175552K
  class space    used 17463K, capacity 19615K, committed 19712K, reserved 1048576K
Event: 1921.961 GC heap after
Heap after GC invocations=38 (full 4):
 PSYoungGen      total 459264K, used 6100K [0x00000000e0000000, 0x00000000ffc80000, 0x0000000100000000)
  eden space 397824K, 0% used [0x00000000e0000000,0x00000000e0000000,0x00000000f8480000)
  from space 61440K, 9% used [0x00000000fc080000,0x00000000fc6751f0,0x00000000ffc80000)
  to   space 61440K, 0% used [0x00000000f8480000,0x00000000f8480000,0x00000000fc080000)
 ParOldGen       total 217088K, used 134421K [0x00000000a0000000, 0x00000000ad400000, 0x00000000e0000000)
  object space 217088K, 61% used [0x00000000a0000000,0x00000000a83455d0,0x00000000ad400000)
 Metaspace       used 135914K, capacity 146513K, committed 146648K, reserved 1175552K
  class space    used 17463K, capacity 19615K, committed 19712K, reserved 1048576K
}
Event: 2040.530 GC heap before
{Heap before GC invocations=39 (full 4):
 PSYoungGen      total 459264K, used 403924K [0x00000000e0000000, 0x00000000ffc80000, 0x0000000100000000)
  eden space 397824K, 100% used [0x00000000e0000000,0x00000000f8480000,0x00000000f8480000)
  from space 61440K, 9% used [0x00000000fc080000,0x00000000fc6751f0,0x00000000ffc80000)
  to   space 61440K, 0% used [0x00000000f8480000,0x00000000f8480000,0x00000000fc080000)
 ParOldGen       total 217088K, used 134421K [0x00000000a0000000, 0x00000000ad400000, 0x00000000e0000000)
  object space 217088K, 61% used [0x00000000a0000000,0x00000000a83455d0,0x00000000ad400000)
 Metaspace       used 137368K, capacity 148829K, committed 149080K, reserved 1177600K
  class space    used 17696K, capacity 20026K, committed 20096K, reserved 1048576K
Event: 2040.552 GC heap after
Heap after GC invocations=39 (full 4):
 PSYoungGen      total 459264K, used 8877K [0x00000000e0000000, 0x00000000ffe00000, 0x0000000100000000)
  eden space 397824K, 0% used [0x00000000e0000000,0x00000000e0000000,0x00000000f8480000)
  from space 61440K, 14% used [0x00000000f8480000,0x00000000f8d2b610,0x00000000fc080000)
  to   space 60416K, 0% used [0x00000000fc300000,0x00000000fc300000,0x00000000ffe00000)
 ParOldGen       total 217088K, used 135901K [0x00000000a0000000, 0x00000000ad400000, 0x00000000e0000000)
  object space 217088K, 62% used [0x00000000a0000000,0x00000000a84b76e0,0x00000000ad400000)
 Metaspace       used 137368K, capacity 148829K, committed 149080K, reserved 1177600K
  class space    used 17696K, capacity 20026K, committed 20096K, reserved 1048576K
}
Event: 3112.548 GC heap before
{Heap before GC invocations=40 (full 4):
 PSYoungGen      total 459264K, used 406701K [0x00000000e0000000, 0x00000000ffe00000, 0x0000000100000000)
  eden space 397824K, 100% used [0x00000000e0000000,0x00000000f8480000,0x00000000f8480000)
  from space 61440K, 14% used [0x00000000f8480000,0x00000000f8d2b610,0x00000000fc080000)
  to   space 60416K, 0% used [0x00000000fc300000,0x00000000fc300000,0x00000000ffe00000)
 ParOldGen       total 217088K, used 135901K [0x00000000a0000000, 0x00000000ad400000, 0x00000000e0000000)
  object space 217088K, 62% used [0x00000000a0000000,0x00000000a84b76e0,0x00000000ad400000)
 Metaspace       used 138391K, capacity 150677K, committed 150872K, reserved 1179648K
  class space    used 17819K, capacity 20283K, committed 20352K, reserved 1048576K
Event: 3112.578 GC heap after
Heap after GC invocations=40 (full 4):
 PSYoungGen      total 459776K, used 14400K [0x00000000e0000000, 0x00000000ffb00000, 0x0000000100000000)
  eden space 402432K, 0% used [0x00000000e0000000,0x00000000e0000000,0x00000000f8900000)
  from space 57344K, 25% used [0x00000000fc300000,0x00000000fd110030,0x00000000ffb00000)
  to   space 58368K, 0% used [0x00000000f8900000,0x00000000f8900000,0x00000000fc200000)
 ParOldGen       total 217088K, used 137234K [0x00000000a0000000, 0x00000000ad400000, 0x00000000e0000000)
  object space 217088K, 63% used [0x00000000a0000000,0x00000000a8604840,0x00000000ad400000)
 Metaspace       used 138391K, capacity 150677K, committed 150872K, reserved 1179648K
  class space    used 17819K, capacity 20283K, committed 20352K, reserved 1048576K
}
Event: 3527.174 GC heap before
{Heap before GC invocations=41 (full 4):
 PSYoungGen      total 459776K, used 301947K [0x00000000e0000000, 0x00000000ffb00000, 0x0000000100000000)
  eden space 402432K, 71% used [0x00000000e0000000,0x00000000f18cec28,0x00000000f8900000)
  from space 57344K, 25% used [0x00000000fc300000,0x00000000fd110030,0x00000000ffb00000)
  to   space 58368K, 0% used [0x00000000f8900000,0x00000000f8900000,0x00000000fc200000)
 ParOldGen       total 217088K, used 137234K [0x00000000a0000000, 0x00000000ad400000, 0x00000000e0000000)
  object space 217088K, 63% used [0x00000000a0000000,0x00000000a8604840,0x00000000ad400000)
 Metaspace       used 150764K, capacity 163945K, committed 163968K, reserved 1191936K
  class space    used 19518K, capacity 22164K, committed 22184K, reserved 1048576K
Event: 3527.221 GC heap after
Heap after GC invocations=41 (full 4):
 PSYoungGen      total 460800K, used 24744K [0x00000000e0000000, 0x00000000ffc00000, 0x0000000100000000)
  eden space 402432K, 0% used [0x00000000e0000000,0x00000000e0000000,0x00000000f8900000)
  from space 58368K, 42% used [0x00000000f8900000,0x00000000fa12a3d0,0x00000000fc200000)
  to   space 55808K, 0% used [0x00000000fc580000,0x00000000fc580000,0x00000000ffc00000)
 ParOldGen       total 217088K, used 138340K [0x00000000a0000000, 0x00000000ad400000, 0x00000000e0000000)
  object space 217088K, 63% used [0x00000000a0000000,0x00000000a8719120,0x00000000ad400000)
 Metaspace       used 150764K, capacity 163945K, committed 163968K, reserved 1191936K
  class space    used 19518K, capacity 22164K, committed 22184K, reserved 1048576K
}
Event: 3527.221 GC heap before
{Heap before GC invocations=42 (full 5):
 PSYoungGen      total 460800K, used 24744K [0x00000000e0000000, 0x00000000ffc00000, 0x0000000100000000)
  eden space 402432K, 0% used [0x00000000e0000000,0x00000000e0000000,0x00000000f8900000)
  from space 58368K, 42% used [0x00000000f8900000,0x00000000fa12a3d0,0x00000000fc200000)
  to   space 55808K, 0% used [0x00000000fc580000,0x00000000fc580000,0x00000000ffc00000)
 ParOldGen       total 217088K, used 138340K [0x00000000a0000000, 0x00000000ad400000, 0x00000000e0000000)
  object space 217088K, 63% used [0x00000000a0000000,0x00000000a8719120,0x00000000ad400000)
 Metaspace       used 150764K, capacity 163945K, committed 163968K, reserved 1191936K
  class space    used 19518K, capacity 22164K, committed 22184K, reserved 1048576K
Event: 3527.737 GC heap after
Heap after GC invocations=42 (full 5):
 PSYoungGen      total 460800K, used 0K [0x00000000e0000000, 0x00000000ffc00000, 0x0000000100000000)
  eden space 402432K, 0% used [0x00000000e0000000,0x00000000e0000000,0x00000000f8900000)
  from space 58368K, 0% used [0x00000000f8900000,0x00000000f8900000,0x00000000fc200000)
  to   space 55808K, 0% used [0x00000000fc580000,0x00000000fc580000,0x00000000ffc00000)
 ParOldGen       total 257536K, used 79814K [0x00000000a0000000, 0x00000000afb80000, 0x00000000e0000000)
  object space 257536K, 30% used [0x00000000a0000000,0x00000000a4df1a18,0x00000000afb80000)
 Metaspace       used 146775K, capacity 155491K, committed 163968K, reserved 1191936K
  class space    used 18639K, capacity 20465K, committed 22184K, reserved 1048576K
}

